<?xml version="1.0" encoding="UTF-8"?>
<testsuite name="com.parkjh.stockproject.StockprojectApplicationTests" tests="1" skipped="0" failures="0" errors="0" timestamp="2020-08-09T10:29:00" hostname="bagjeonghyeon-ui-MacBookPro.local" time="0.235">
  <properties/>
  <testcase name="contextLoads()" classname="com.parkjh.stockproject.StockprojectApplicationTests" time="0.235"/>
  <system-out><![CDATA[19:28:53.406 [Test worker] DEBUG org.springframework.test.context.BootstrapUtils - Instantiating CacheAwareContextLoaderDelegate from class [org.springframework.test.context.cache.DefaultCacheAwareContextLoaderDelegate]
19:28:53.435 [Test worker] DEBUG org.springframework.test.context.BootstrapUtils - Instantiating BootstrapContext using constructor [public org.springframework.test.context.support.DefaultBootstrapContext(java.lang.Class,org.springframework.test.context.CacheAwareContextLoaderDelegate)]
19:28:53.499 [Test worker] DEBUG org.springframework.test.context.BootstrapUtils - Instantiating TestContextBootstrapper for test class [com.parkjh.stockproject.StockprojectApplicationTests] from class [org.springframework.boot.test.context.SpringBootTestContextBootstrapper]
19:28:53.534 [Test worker] INFO org.springframework.boot.test.context.SpringBootTestContextBootstrapper - Neither @ContextConfiguration nor @ContextHierarchy found for test class [com.parkjh.stockproject.StockprojectApplicationTests], using SpringBootContextLoader
19:28:53.539 [Test worker] DEBUG org.springframework.test.context.support.AbstractContextLoader - Did not detect default resource location for test class [com.parkjh.stockproject.StockprojectApplicationTests]: class path resource [com/parkjh/stockproject/StockprojectApplicationTests-context.xml] does not exist
19:28:53.540 [Test worker] DEBUG org.springframework.test.context.support.AbstractContextLoader - Did not detect default resource location for test class [com.parkjh.stockproject.StockprojectApplicationTests]: class path resource [com/parkjh/stockproject/StockprojectApplicationTestsContext.groovy] does not exist
19:28:53.540 [Test worker] INFO org.springframework.test.context.support.AbstractContextLoader - Could not detect default resource locations for test class [com.parkjh.stockproject.StockprojectApplicationTests]: no resource found for suffixes {-context.xml, Context.groovy}.
19:28:53.541 [Test worker] INFO org.springframework.test.context.support.AnnotationConfigContextLoaderUtils - Could not detect default configuration classes for test class [com.parkjh.stockproject.StockprojectApplicationTests]: StockprojectApplicationTests does not declare any static, non-private, non-final, nested classes annotated with @Configuration.
19:28:53.608 [Test worker] DEBUG org.springframework.test.context.support.ActiveProfilesUtils - Could not find an 'annotation declaring class' for annotation type [org.springframework.test.context.ActiveProfiles] and class [com.parkjh.stockproject.StockprojectApplicationTests]
19:28:53.718 [Test worker] DEBUG org.springframework.context.annotation.ClassPathScanningCandidateComponentProvider - Identified candidate component class: file [/Users/parkjh/IdeaProjects/stockproject/build/classes/java/main/com/parkjh/stockproject/StockprojectApplication.class]
19:28:53.721 [Test worker] INFO org.springframework.boot.test.context.SpringBootTestContextBootstrapper - Found @SpringBootConfiguration com.parkjh.stockproject.StockprojectApplication for test class com.parkjh.stockproject.StockprojectApplicationTests
19:28:53.918 [Test worker] DEBUG org.springframework.boot.test.context.SpringBootTestContextBootstrapper - @TestExecutionListeners is not present for class [com.parkjh.stockproject.StockprojectApplicationTests]: using defaults.
19:28:53.922 [Test worker] INFO org.springframework.boot.test.context.SpringBootTestContextBootstrapper - Loaded default TestExecutionListener class names from location [META-INF/spring.factories]: [org.springframework.security.test.context.support.WithSecurityContextTestExecutionListener, org.springframework.security.test.context.support.ReactorContextTestExecutionListener, org.springframework.boot.test.autoconfigure.restdocs.RestDocsTestExecutionListener, org.springframework.boot.test.autoconfigure.web.client.MockRestServiceServerResetTestExecutionListener, org.springframework.boot.test.autoconfigure.web.servlet.MockMvcPrintOnlyOnFailureTestExecutionListener, org.springframework.boot.test.autoconfigure.web.servlet.WebDriverTestExecutionListener, org.springframework.boot.test.autoconfigure.webservices.client.MockWebServiceServerTestExecutionListener, org.springframework.boot.test.mock.mockito.MockitoTestExecutionListener, org.springframework.boot.test.mock.mockito.ResetMocksTestExecutionListener, org.springframework.test.context.web.ServletTestExecutionListener, org.springframework.test.context.support.DirtiesContextBeforeModesTestExecutionListener, org.springframework.test.context.support.DependencyInjectionTestExecutionListener, org.springframework.test.context.support.DirtiesContextTestExecutionListener, org.springframework.test.context.transaction.TransactionalTestExecutionListener, org.springframework.test.context.jdbc.SqlScriptsTestExecutionListener, org.springframework.test.context.event.EventPublishingTestExecutionListener]
19:28:53.987 [Test worker] INFO org.springframework.boot.test.context.SpringBootTestContextBootstrapper - Using TestExecutionListeners: [org.springframework.test.context.web.ServletTestExecutionListener@698fd963, org.springframework.test.context.support.DirtiesContextBeforeModesTestExecutionListener@1112c81a, org.springframework.boot.test.mock.mockito.MockitoTestExecutionListener@492a4a42, org.springframework.boot.test.autoconfigure.SpringBootDependencyInjectionTestExecutionListener@ea0cb2a, org.springframework.test.context.support.DirtiesContextTestExecutionListener@19735f5c, org.springframework.test.context.transaction.TransactionalTestExecutionListener@1e261670, org.springframework.test.context.jdbc.SqlScriptsTestExecutionListener@54537ac, org.springframework.security.test.context.support.WithSecurityContextTestExecutionListener@d3455b5, org.springframework.test.context.event.EventPublishingTestExecutionListener@e3e72f0, org.springframework.security.test.context.support.ReactorContextTestExecutionListener@208570d1, org.springframework.boot.test.autoconfigure.restdocs.RestDocsTestExecutionListener@c51db3a, org.springframework.boot.test.autoconfigure.web.client.MockRestServiceServerResetTestExecutionListener@23e7bef8, org.springframework.boot.test.autoconfigure.web.servlet.MockMvcPrintOnlyOnFailureTestExecutionListener@5eb3e186, org.springframework.boot.test.autoconfigure.web.servlet.WebDriverTestExecutionListener@55bb0179, org.springframework.boot.test.autoconfigure.webservices.client.MockWebServiceServerTestExecutionListener@57b198ff, org.springframework.boot.test.mock.mockito.ResetMocksTestExecutionListener@49bffc8f]
19:28:54.001 [Test worker] DEBUG org.springframework.test.context.support.AbstractDirtiesContextTestExecutionListener - Before test class: context [DefaultTestContext@5fe5edb5 testClass = StockprojectApplicationTests, testInstance = [null], testMethod = [null], testException = [null], mergedContextConfiguration = [WebMergedContextConfiguration@214ab1ab testClass = StockprojectApplicationTests, locations = '{}', classes = '{class com.parkjh.stockproject.StockprojectApplication}', contextInitializerClasses = '[]', activeProfiles = '{}', propertySourceLocations = '{}', propertySourceProperties = '{org.springframework.boot.test.context.SpringBootTestContextBootstrapper=true}', contextCustomizers = set[org.springframework.boot.test.autoconfigure.properties.PropertyMappingContextCustomizer@0, org.springframework.boot.test.autoconfigure.web.servlet.WebDriverContextCustomizerFactory$Customizer@18ec7999, org.springframework.boot.test.context.filter.ExcludeFilterContextCustomizer@23f4fc, org.springframework.boot.test.json.DuplicateJsonObjectContextCustomizerFactory$DuplicateJsonObjectContextCustomizer@2cafdb06, org.springframework.boot.test.mock.mockito.MockitoContextCustomizer@0, org.springframework.boot.test.web.client.TestRestTemplateContextCustomizer@56862f8e, org.springframework.boot.test.context.SpringBootTestArgs@1], resourceBasePath = 'src/main/webapp', contextLoader = 'org.springframework.boot.test.context.SpringBootContextLoader', parent = [null]], attributes = map['org.springframework.test.context.web.ServletTestExecutionListener.activateListener' -> true]], class annotated with @DirtiesContext [false] with mode [null].
19:28:54.106 [Test worker] DEBUG org.springframework.test.context.support.TestPropertySourceUtils - Adding inlined properties to environment: {spring.jmx.enabled=false, org.springframework.boot.test.context.SpringBootTestContextBootstrapper=true}

  .   ____          _            __ _ _
 /\\ / ___'_ __ _ _(_)_ __  __ _ \ \ \ \
( ( )\___ | '_ | '_| | '_ \/ _` | \ \ \ \
 \\/  ___)| |_)| | | | | || (_| |  ) ) ) )
  '  |____| .__|_| |_|_| |_\__, | / / / /
 =========|_|==============|___/=/_/_/_/
 :: Spring Boot ::        (v2.3.2.RELEASE)

2020-08-09 19:28:54.877  INFO 1896 --- [    Test worker] c.p.s.StockprojectApplicationTests       : Starting StockprojectApplicationTests on bagjeonghyeon-ui-MacBookPro.local with PID 1896 (started by parkjh in /Users/parkjh/IdeaProjects/stockproject)
2020-08-09 19:28:54.879  INFO 1896 --- [    Test worker] c.p.s.StockprojectApplicationTests       : No active profile set, falling back to default profiles: default
2020-08-09 19:28:55.959  INFO 1896 --- [    Test worker] .s.d.r.c.RepositoryConfigurationDelegate : Bootstrapping Spring Data JPA repositories in DEFERRED mode.
2020-08-09 19:28:56.052  INFO 1896 --- [    Test worker] .s.d.r.c.RepositoryConfigurationDelegate : Finished Spring Data repository scanning in 80ms. Found 2 JPA repository interfaces.
2020-08-09 19:28:56.847  INFO 1896 --- [    Test worker] o.s.s.concurrent.ThreadPoolTaskExecutor  : Initializing ExecutorService 'applicationTaskExecutor'
2020-08-09 19:28:56.908  INFO 1896 --- [         task-1] o.hibernate.jpa.internal.util.LogHelper  : HHH000204: Processing PersistenceUnitInfo [name: default]
2020-08-09 19:28:56.965  INFO 1896 --- [         task-1] org.hibernate.Version                    : HHH000412: Hibernate ORM core version 5.4.18.Final
2020-08-09 19:28:57.175  INFO 1896 --- [         task-1] o.hibernate.annotations.common.Version   : HCANN000001: Hibernate Commons Annotations {5.1.0.Final}
2020-08-09 19:28:57.266  INFO 1896 --- [    Test worker] o.s.s.web.DefaultSecurityFilterChain     : Creating filter chain: Ant [pattern='/css/**'], []
2020-08-09 19:28:57.266  INFO 1896 --- [    Test worker] o.s.s.web.DefaultSecurityFilterChain     : Creating filter chain: Ant [pattern='/js/**'], []
2020-08-09 19:28:57.266  INFO 1896 --- [    Test worker] o.s.s.web.DefaultSecurityFilterChain     : Creating filter chain: Ant [pattern='/img/**'], []
2020-08-09 19:28:57.266  INFO 1896 --- [    Test worker] o.s.s.web.DefaultSecurityFilterChain     : Creating filter chain: Ant [pattern='/lib/**'], []
2020-08-09 19:28:57.291  INFO 1896 --- [         task-1] com.zaxxer.hikari.HikariDataSource       : HikariPool-1 - Starting...
2020-08-09 19:28:57.390  INFO 1896 --- [    Test worker] o.s.s.web.DefaultSecurityFilterChain     : Creating filter chain: any request, [org.springframework.security.web.context.request.async.WebAsyncManagerIntegrationFilter@64706c02, org.springframework.security.web.context.SecurityContextPersistenceFilter@6078a752, org.springframework.security.web.header.HeaderWriterFilter@648fe56f, org.springframework.security.web.csrf.CsrfFilter@712edaf7, org.springframework.security.web.authentication.logout.LogoutFilter@6697b067, org.springframework.security.web.authentication.UsernamePasswordAuthenticationFilter@2f5c1bb9, org.springframework.security.web.savedrequest.RequestCacheAwareFilter@7594aadc, org.springframework.security.web.servletapi.SecurityContextHolderAwareRequestFilter@3bc2bb9f, org.springframework.security.web.authentication.AnonymousAuthenticationFilter@64a00656, org.springframework.security.web.session.SessionManagementFilter@4650206e, org.springframework.security.web.access.ExceptionTranslationFilter@2676cb5, org.springframework.security.web.access.intercept.FilterSecurityInterceptor@5a8eb7ea]
2020-08-09 19:28:57.878  INFO 1896 --- [         task-1] com.zaxxer.hikari.HikariDataSource       : HikariPool-1 - Start completed.
2020-08-09 19:28:57.906  INFO 1896 --- [         task-1] org.hibernate.dialect.Dialect            : HHH000400: Using dialect: org.hibernate.dialect.MySQL5InnoDBDialect
2020-08-09 19:28:58.798  INFO 1896 --- [         task-1] o.h.e.t.j.p.i.JtaPlatformInitiator       : HHH000490: Using JtaPlatform implementation: [org.hibernate.engine.transaction.jta.platform.internal.NoJtaPlatform]
2020-08-09 19:28:58.806  INFO 1896 --- [         task-1] j.LocalContainerEntityManagerFactoryBean : Initialized JPA EntityManagerFactory for persistence unit 'default'
2020-08-09 19:28:59.386  INFO 1896 --- [    Test worker] o.s.b.a.w.s.WelcomePageHandlerMapping    : Adding welcome page: class path resource [static/index.html]
2020-08-09 19:28:59.851  INFO 1896 --- [    Test worker] DeferredRepositoryInitializationListener : Triggering deferred initialization of Spring Data repositories…
2020-08-09 19:29:00.263  INFO 1896 --- [    Test worker] DeferredRepositoryInitializationListener : Spring Data repositories initialized!
2020-08-09 19:29:00.276  INFO 1896 --- [    Test worker] c.p.s.StockprojectApplicationTests       : Started StockprojectApplicationTests in 6.143 seconds (JVM running for 8.395)
]]></system-out>
  <system-err><![CDATA[]]></system-err>
</testsuite>
